<?xml version="1.0" encoding="UTF-8"?>
<testsuite xmlns:xsi="http://www.w3.org/2001/XMLSchema-instance" xsi:noNamespaceSchemaLocation="https://maven.apache.org/surefire/maven-surefire-plugin/xsd/surefire-test-report-3.0.xsd" version="3.0" name="PracticeProblemTest" time="0.115" tests="12" errors="2" skipped="0" failures="6">
  <properties>
[...]
</properties>
  <testcase name="testQ1_1" classname="PracticeProblemTest" time="0.047">
    <error type="java.util.InputMismatchException">java.util.InputMismatchException
	at PracticeProblemTest.testQ1_1(PracticeProblemTest.java:34)
</error>
  </testcase>
  <testcase name="testQ1_2" classname="PracticeProblemTest" time="0">
    <error type="java.util.InputMismatchException">java.util.InputMismatchException
	at PracticeProblemTest.testQ1_2(PracticeProblemTest.java:49)
</error>
  </testcase>
  <testcase name="testQ2_1" classname="PracticeProblemTest" time="0.011">
    <failure message="expected: &lt;In: In: 1&#10;4&#10;&gt; but was: &lt;Int 1: Int 2: 1&#10;4&#10;&gt;" type="org.opentest4j.AssertionFailedError"><![CDATA[org.opentest4j.AssertionFailedError: 
expected: <In: In: 1
4
> but was: <Int 1: Int 2: 1
4
>
	at PracticeProblemTest.testQ2_1(PracticeProblemTest.java:66)
]]></failure>
  </testcase>
  <testcase name="testQ2_2" classname="PracticeProblemTest" time="0.003">
    <failure message="expected: &lt;In: In: 3&#10;0&#10;&gt; but was: &lt;Int 1: Int 2: 3&#10;0&#10;&gt;" type="org.opentest4j.AssertionFailedError"><![CDATA[org.opentest4j.AssertionFailedError: 
expected: <In: In: 3
0
> but was: <Int 1: Int 2: 3
0
>
	at PracticeProblemTest.testQ2_2(PracticeProblemTest.java:82)
]]></failure>
  </testcase>
  <testcase name="testQ3_1" classname="PracticeProblemTest" time="0.003">
    <failure message="expected: &lt;In: Hello was the text you wrote&#10;&gt; but was: &lt;In: Hello was the text you wrote on the same line.&#10;&gt;" type="org.opentest4j.AssertionFailedError"><![CDATA[org.opentest4j.AssertionFailedError: 
expected: <In: Hello was the text you wrote
> but was: <In: Hello was the text you wrote on the same line.
>
	at PracticeProblemTest.testQ3_1(PracticeProblemTest.java:97)
]]></failure>
  </testcase>
  <testcase name="testQ3_2" classname="PracticeProblemTest" time="0.002">
    <failure message="expected: &lt;In: Bye was the text you wrote&#10;&gt; but was: &lt;In: Bye was the text you wrote on the same line.&#10;&gt;" type="org.opentest4j.AssertionFailedError"><![CDATA[org.opentest4j.AssertionFailedError: 
expected: <In: Bye was the text you wrote
> but was: <In: Bye was the text you wrote on the same line.
>
	at PracticeProblemTest.testQ3_2(PracticeProblemTest.java:111)
]]></failure>
  </testcase>
  <testcase name="testQ4_1" classname="PracticeProblemTest" time="0.003"/>
  <testcase name="testQ4_2" classname="PracticeProblemTest" time="0.009"/>
  <testcase name="testQ5_1" classname="PracticeProblemTest" time="0"/>
  <testcase name="testQ5_2" classname="PracticeProblemTest" time="0.001"/>
  <testcase name="testQ6_1" classname="PracticeProblemTest" time="0.005">
    <failure message="expected: &lt;In: 0.2999999999999998&#10;&gt; but was: &lt;In: 3.5&#10;&gt;" type="org.opentest4j.AssertionFailedError"><![CDATA[org.opentest4j.AssertionFailedError: 
expected: <In: 0.2999999999999998
> but was: <In: 3.5
>
	at PracticeProblemTest.testQ6_1(PracticeProblemTest.java:181)
]]></failure>
  </testcase>
  <testcase name="testQ6_2" classname="PracticeProblemTest" time="0.005">
    <failure message="expected: &lt;In: 5.8&#10;&gt; but was: &lt;In: 9.0&#10;&gt;" type="org.opentest4j.AssertionFailedError"><![CDATA[org.opentest4j.AssertionFailedError: 
expected: <In: 5.8
> but was: <In: 9.0
>
	at PracticeProblemTest.testQ6_2(PracticeProblemTest.java:195)
]]></failure>
  </testcase>
</testsuite>