<?xml version="1.0" encoding="UTF-8"?>
<testsuite xmlns:xsi="http://www.w3.org/2001/XMLSchema-instance" xsi:noNamespaceSchemaLocation="https://maven.apache.org/surefire/maven-surefire-plugin/xsd/surefire-test-report-3.0.xsd" version="3.0" name="PracticeProblemTest" time="0.115" tests="12" errors="2" skipped="0" failures="6">
  <properties>
    <property name="awt.toolkit" value="sun.awt.X11.XToolkit"/>
    <property name="java.specification.version" value="11"/>
    <property name="sun.cpu.isalist" value=""/>
    <property name="sun.jnu.encoding" value="UTF-8"/>
    <property name="java.class.path" value="/workspaces/review-2-akash-kobal-ics4u1-01-25/target/test-classes:/workspaces/review-2-akash-kobal-ics4u1-01-25/target/classes:/home/codespace/.m2/repository/org/junit/jupiter/junit-jupiter/5.6.2/junit-jupiter-5.6.2.jar:/home/codespace/.m2/repository/org/junit/jupiter/junit-jupiter-api/5.6.2/junit-jupiter-api-5.6.2.jar:/home/codespace/.m2/repository/org/apiguardian/apiguardian-api/1.1.0/apiguardian-api-1.1.0.jar:/home/codespace/.m2/repository/org/opentest4j/opentest4j/1.2.0/opentest4j-1.2.0.jar:/home/codespace/.m2/repository/org/junit/platform/junit-platform-commons/1.6.2/junit-platform-commons-1.6.2.jar:/home/codespace/.m2/repository/org/junit/jupiter/junit-jupiter-params/5.6.2/junit-jupiter-params-5.6.2.jar:/home/codespace/.m2/repository/org/junit/jupiter/junit-jupiter-engine/5.6.2/junit-jupiter-engine-5.6.2.jar:/home/codespace/.m2/repository/org/junit/platform/junit-platform-engine/1.6.2/junit-platform-engine-1.6.2.jar:"/>
    <property name="java.vm.vendor" value="Microsoft"/>
    <property name="sun.arch.data.model" value="64"/>
    <property name="java.vendor.url" value="https://www.microsoft.com"/>
    <property name="user.timezone" value=""/>
    <property name="java.vm.specification.version" value="11"/>
    <property name="os.name" value="Linux"/>
    <property name="sun.java.launcher" value="SUN_STANDARD"/>
    <property name="sun.boot.library.path" value="/opt/java/11.0.14/lib"/>
    <property name="sun.java.command" value="/workspaces/review-2-akash-kobal-ics4u1-01-25/target/surefire/surefirebooter1175056508964833136.jar /workspaces/review-2-akash-kobal-ics4u1-01-25/target/surefire 2025-09-08T18-35-35_919-jvmRun1 surefire1632372639881435990tmp surefire_013944516007817328903tmp"/>
    <property name="jdk.debug" value="release"/>
    <property name="surefire.test.class.path" value="/workspaces/review-2-akash-kobal-ics4u1-01-25/target/test-classes:/workspaces/review-2-akash-kobal-ics4u1-01-25/target/classes:/home/codespace/.m2/repository/org/junit/jupiter/junit-jupiter/5.6.2/junit-jupiter-5.6.2.jar:/home/codespace/.m2/repository/org/junit/jupiter/junit-jupiter-api/5.6.2/junit-jupiter-api-5.6.2.jar:/home/codespace/.m2/repository/org/apiguardian/apiguardian-api/1.1.0/apiguardian-api-1.1.0.jar:/home/codespace/.m2/repository/org/opentest4j/opentest4j/1.2.0/opentest4j-1.2.0.jar:/home/codespace/.m2/repository/org/junit/platform/junit-platform-commons/1.6.2/junit-platform-commons-1.6.2.jar:/home/codespace/.m2/repository/org/junit/jupiter/junit-jupiter-params/5.6.2/junit-jupiter-params-5.6.2.jar:/home/codespace/.m2/repository/org/junit/jupiter/junit-jupiter-engine/5.6.2/junit-jupiter-engine-5.6.2.jar:/home/codespace/.m2/repository/org/junit/platform/junit-platform-engine/1.6.2/junit-platform-engine-1.6.2.jar:"/>
    <property name="sun.cpu.endian" value="little"/>
    <property name="user.home" value="/home/codespace"/>
    <property name="user.language" value="en"/>
    <property name="java.specification.vendor" value="Oracle Corporation"/>
    <property name="java.version.date" value="2022-02-08"/>
    <property name="java.home" value="/opt/java/11.0.14"/>
    <property name="file.separator" value="/"/>
    <property name="basedir" value="/workspaces/review-2-akash-kobal-ics4u1-01-25"/>
    <property name="java.vm.compressedOopsMode" value="32-bit"/>
    <property name="line.separator" value="&#10;"/>
    <property name="java.specification.name" value="Java Platform API Specification"/>
    <property name="java.vm.specification.vendor" value="Oracle Corporation"/>
    <property name="java.awt.graphicsenv" value="sun.awt.X11GraphicsEnvironment"/>
    <property name="surefire.real.class.path" value="/workspaces/review-2-akash-kobal-ics4u1-01-25/target/surefire/surefirebooter1175056508964833136.jar"/>
    <property name="sun.management.compiler" value="HotSpot 64-Bit Tiered Compilers"/>
    <property name="java.runtime.version" value="11.0.14.1+1-LTS"/>
    <property name="user.name" value="codespace"/>
    <property name="path.separator" value=":"/>
    <property name="os.version" value="6.8.0-1030-azure"/>
    <property name="java.runtime.name" value="OpenJDK Runtime Environment"/>
    <property name="file.encoding" value="UTF-8"/>
    <property name="java.vm.name" value="OpenJDK 64-Bit Server VM"/>
    <property name="java.vendor.version" value="Microsoft-31205"/>
    <property name="localRepository" value="/home/codespace/.m2/repository"/>
    <property name="java.vendor.url.bug" value="https://github.com/microsoft/openjdk/issues"/>
    <property name="java.io.tmpdir" value="/tmp"/>
    <property name="java.version" value="11.0.14.1"/>
    <property name="user.dir" value="/workspaces/review-2-akash-kobal-ics4u1-01-25"/>
    <property name="os.arch" value="amd64"/>
    <property name="java.vm.specification.name" value="Java Virtual Machine Specification"/>
    <property name="java.awt.printerjob" value="sun.print.PSPrinterJob"/>
    <property name="sun.os.patch.level" value="unknown"/>
    <property name="java.library.path" value="/usr/java/packages/lib:/usr/lib64:/lib64:/lib:/usr/lib"/>
    <property name="java.vm.info" value="mixed mode"/>
    <property name="java.vendor" value="Microsoft"/>
    <property name="java.vm.version" value="11.0.14.1+1-LTS"/>
    <property name="sun.io.unicode.encoding" value="UnicodeLittle"/>
    <property name="java.class.version" value="55.0"/>
  </properties>
  <testcase name="testQ1_1" classname="PracticeProblemTest" time="0.047">
    <error type="java.util.InputMismatchException">java.util.InputMismatchException
	at PracticeProblemTest.testQ1_1(PracticeProblemTest.java:34)
</error>
  </testcase>
  <testcase name="testQ1_2" classname="PracticeProblemTest" time="0">
    <error type="java.util.InputMismatchException">java.util.InputMismatchException
	at PracticeProblemTest.testQ1_2(PracticeProblemTest.java:49)
</error>
  </testcase>
  <testcase name="testQ2_1" classname="PracticeProblemTest" time="0.011">
    <failure message="expected: &lt;In: In: 1&#10;4&#10;&gt; but was: &lt;Int 1: Int 2: 1&#10;4&#10;&gt;" type="org.opentest4j.AssertionFailedError"><![CDATA[org.opentest4j.AssertionFailedError: 
expected: <In: In: 1
4
> but was: <Int 1: Int 2: 1
4
>
	at PracticeProblemTest.testQ2_1(PracticeProblemTest.java:66)
]]></failure>
  </testcase>
  <testcase name="testQ2_2" classname="PracticeProblemTest" time="0.003">
    <failure message="expected: &lt;In: In: 3&#10;0&#10;&gt; but was: &lt;Int 1: Int 2: 3&#10;0&#10;&gt;" type="org.opentest4j.AssertionFailedError"><![CDATA[org.opentest4j.AssertionFailedError: 
expected: <In: In: 3
0
> but was: <Int 1: Int 2: 3
0
>
	at PracticeProblemTest.testQ2_2(PracticeProblemTest.java:82)
]]></failure>
  </testcase>
  <testcase name="testQ3_1" classname="PracticeProblemTest" time="0.003">
    <failure message="expected: &lt;In: Hello was the text you wrote&#10;&gt; but was: &lt;In: Hello was the text you wrote on the same line.&#10;&gt;" type="org.opentest4j.AssertionFailedError"><![CDATA[org.opentest4j.AssertionFailedError: 
expected: <In: Hello was the text you wrote
> but was: <In: Hello was the text you wrote on the same line.
>
	at PracticeProblemTest.testQ3_1(PracticeProblemTest.java:97)
]]></failure>
  </testcase>
  <testcase name="testQ3_2" classname="PracticeProblemTest" time="0.002">
    <failure message="expected: &lt;In: Bye was the text you wrote&#10;&gt; but was: &lt;In: Bye was the text you wrote on the same line.&#10;&gt;" type="org.opentest4j.AssertionFailedError"><![CDATA[org.opentest4j.AssertionFailedError: 
expected: <In: Bye was the text you wrote
> but was: <In: Bye was the text you wrote on the same line.
>
	at PracticeProblemTest.testQ3_2(PracticeProblemTest.java:111)
]]></failure>
  </testcase>
  <testcase name="testQ4_1" classname="PracticeProblemTest" time="0.003"/>
  <testcase name="testQ4_2" classname="PracticeProblemTest" time="0.009"/>
  <testcase name="testQ5_1" classname="PracticeProblemTest" time="0"/>
  <testcase name="testQ5_2" classname="PracticeProblemTest" time="0.001"/>
  <testcase name="testQ6_1" classname="PracticeProblemTest" time="0.005">
    <failure message="expected: &lt;In: 0.2999999999999998&#10;&gt; but was: &lt;In: 3.5&#10;&gt;" type="org.opentest4j.AssertionFailedError"><![CDATA[org.opentest4j.AssertionFailedError: 
expected: <In: 0.2999999999999998
> but was: <In: 3.5
>
	at PracticeProblemTest.testQ6_1(PracticeProblemTest.java:181)
]]></failure>
  </testcase>
  <testcase name="testQ6_2" classname="PracticeProblemTest" time="0.005">
    <failure message="expected: &lt;In: 5.8&#10;&gt; but was: &lt;In: 9.0&#10;&gt;" type="org.opentest4j.AssertionFailedError"><![CDATA[org.opentest4j.AssertionFailedError: 
expected: <In: 5.8
> but was: <In: 9.0
>
	at PracticeProblemTest.testQ6_2(PracticeProblemTest.java:195)
]]></failure>
  </testcase>
</testsuite>